{
  "stats": {
    "suites": 1,
    "tests": 8,
    "passes": 8,
    "pending": 0,
    "failures": 0,
    "start": "2024-05-02T17:28:05.381Z",
    "end": "2024-05-02T17:28:11.878Z",
    "duration": 6497,
    "testsRegistered": 8,
    "passPercent": 100,
    "pendingPercent": 0,
    "other": 0,
    "hasOther": false,
    "skipped": 0,
    "hasSkipped": false
  },
  "results": [
    {
      "uuid": "51b01cd3-677a-4670-981f-63f1857f1c68",
      "title": "",
      "fullFile": "cypress\\e2e\\authorization.cy.ts",
      "file": "cypress\\e2e\\authorization.cy.ts",
      "beforeHooks": [],
      "afterHooks": [],
      "tests": [],
      "suites": [
        {
          "uuid": "2c075855-9d65-41f7-8e77-5a9e29b40005",
          "title": "Try to access the admin panel without logging in",
          "fullFile": "",
          "file": "",
          "beforeHooks": [],
          "afterHooks": [],
          "tests": [
            {
              "title": "displays login form when visiting /admin",
              "fullTitle": "Try to access the admin panel without logging in displays login form when visiting /admin",
              "timedOut": null,
              "duration": 951,
              "state": "passed",
              "speed": "fast",
              "pass": true,
              "fail": false,
              "pending": false,
              "context": null,
              "code": "cy.visit(`http://localhost:5174${link}`);\n// Sprawdź, czy formularz logowania jest widoczny\ncy.get(\"form\").should(\"be.visible\");\n// Sprawdź, czy pola formularza są dostępne\ncy.get('input[type=\"email\"]').should(\"be.visible\");\ncy.get('input[type=\"password\"]').should(\"be.visible\");\ncy.get('button[type=\"submit\"]').should(\"be.visible\");",
              "err": {},
              "uuid": "a33b2063-1c59-47f2-aac1-19acb163661f",
              "parentUUID": "2c075855-9d65-41f7-8e77-5a9e29b40005",
              "isHook": false,
              "skipped": false
            },
            {
              "title": "displays login form when visiting /admin/menu",
              "fullTitle": "Try to access the admin panel without logging in displays login form when visiting /admin/menu",
              "timedOut": null,
              "duration": 503,
              "state": "passed",
              "speed": "fast",
              "pass": true,
              "fail": false,
              "pending": false,
              "context": null,
              "code": "cy.visit(`http://localhost:5174${link}`);\n// Sprawdź, czy formularz logowania jest widoczny\ncy.get(\"form\").should(\"be.visible\");\n// Sprawdź, czy pola formularza są dostępne\ncy.get('input[type=\"email\"]').should(\"be.visible\");\ncy.get('input[type=\"password\"]').should(\"be.visible\");\ncy.get('button[type=\"submit\"]').should(\"be.visible\");",
              "err": {},
              "uuid": "fb0b5401-7607-4267-af0c-df54698b725f",
              "parentUUID": "2c075855-9d65-41f7-8e77-5a9e29b40005",
              "isHook": false,
              "skipped": false
            },
            {
              "title": "displays login form when visiting /admin/shoppingList",
              "fullTitle": "Try to access the admin panel without logging in displays login form when visiting /admin/shoppingList",
              "timedOut": null,
              "duration": 448,
              "state": "passed",
              "speed": "fast",
              "pass": true,
              "fail": false,
              "pending": false,
              "context": null,
              "code": "cy.visit(`http://localhost:5174${link}`);\n// Sprawdź, czy formularz logowania jest widoczny\ncy.get(\"form\").should(\"be.visible\");\n// Sprawdź, czy pola formularza są dostępne\ncy.get('input[type=\"email\"]').should(\"be.visible\");\ncy.get('input[type=\"password\"]').should(\"be.visible\");\ncy.get('button[type=\"submit\"]').should(\"be.visible\");",
              "err": {},
              "uuid": "d7ca0219-81d7-4ebf-8d4f-e19637aa92c1",
              "parentUUID": "2c075855-9d65-41f7-8e77-5a9e29b40005",
              "isHook": false,
              "skipped": false
            },
            {
              "title": "displays login form when visiting /admin/meals",
              "fullTitle": "Try to access the admin panel without logging in displays login form when visiting /admin/meals",
              "timedOut": null,
              "duration": 401,
              "state": "passed",
              "speed": "fast",
              "pass": true,
              "fail": false,
              "pending": false,
              "context": null,
              "code": "cy.visit(`http://localhost:5174${link}`);\n// Sprawdź, czy formularz logowania jest widoczny\ncy.get(\"form\").should(\"be.visible\");\n// Sprawdź, czy pola formularza są dostępne\ncy.get('input[type=\"email\"]').should(\"be.visible\");\ncy.get('input[type=\"password\"]').should(\"be.visible\");\ncy.get('button[type=\"submit\"]').should(\"be.visible\");",
              "err": {},
              "uuid": "a1ae5f5a-c6a3-41f2-80c6-7499150612c5",
              "parentUUID": "2c075855-9d65-41f7-8e77-5a9e29b40005",
              "isHook": false,
              "skipped": false
            },
            {
              "title": "displays login form when visiting /admin/meals/productsList",
              "fullTitle": "Try to access the admin panel without logging in displays login form when visiting /admin/meals/productsList",
              "timedOut": null,
              "duration": 337,
              "state": "passed",
              "speed": "fast",
              "pass": true,
              "fail": false,
              "pending": false,
              "context": null,
              "code": "cy.visit(`http://localhost:5174${link}`);\n// Sprawdź, czy formularz logowania jest widoczny\ncy.get(\"form\").should(\"be.visible\");\n// Sprawdź, czy pola formularza są dostępne\ncy.get('input[type=\"email\"]').should(\"be.visible\");\ncy.get('input[type=\"password\"]').should(\"be.visible\");\ncy.get('button[type=\"submit\"]').should(\"be.visible\");",
              "err": {},
              "uuid": "99a3bf7c-bff3-4318-97d1-bd09bb56b67d",
              "parentUUID": "2c075855-9d65-41f7-8e77-5a9e29b40005",
              "isHook": false,
              "skipped": false
            },
            {
              "title": "displays login form when visiting /admin/meals/mealsList",
              "fullTitle": "Try to access the admin panel without logging in displays login form when visiting /admin/meals/mealsList",
              "timedOut": null,
              "duration": 349,
              "state": "passed",
              "speed": "fast",
              "pass": true,
              "fail": false,
              "pending": false,
              "context": null,
              "code": "cy.visit(`http://localhost:5174${link}`);\n// Sprawdź, czy formularz logowania jest widoczny\ncy.get(\"form\").should(\"be.visible\");\n// Sprawdź, czy pola formularza są dostępne\ncy.get('input[type=\"email\"]').should(\"be.visible\");\ncy.get('input[type=\"password\"]').should(\"be.visible\");\ncy.get('button[type=\"submit\"]').should(\"be.visible\");",
              "err": {},
              "uuid": "8a1867ec-a33a-4a34-8cb3-fafc5668e3a1",
              "parentUUID": "2c075855-9d65-41f7-8e77-5a9e29b40005",
              "isHook": false,
              "skipped": false
            },
            {
              "title": "displays login form when visiting /admin/meals/mealsList/meal",
              "fullTitle": "Try to access the admin panel without logging in displays login form when visiting /admin/meals/mealsList/meal",
              "timedOut": null,
              "duration": 346,
              "state": "passed",
              "speed": "fast",
              "pass": true,
              "fail": false,
              "pending": false,
              "context": null,
              "code": "cy.visit(`http://localhost:5174${link}`);\n// Sprawdź, czy formularz logowania jest widoczny\ncy.get(\"form\").should(\"be.visible\");\n// Sprawdź, czy pola formularza są dostępne\ncy.get('input[type=\"email\"]').should(\"be.visible\");\ncy.get('input[type=\"password\"]').should(\"be.visible\");\ncy.get('button[type=\"submit\"]').should(\"be.visible\");",
              "err": {},
              "uuid": "bb8d704a-a956-4aa9-bbc9-4436d19b1df8",
              "parentUUID": "2c075855-9d65-41f7-8e77-5a9e29b40005",
              "isHook": false,
              "skipped": false
            },
            {
              "title": "Go to the home page without logging in",
              "fullTitle": "Try to access the admin panel without logging in Go to the home page without logging in",
              "timedOut": null,
              "duration": 1061,
              "state": "passed",
              "speed": "fast",
              "pass": true,
              "fail": false,
              "pending": false,
              "context": null,
              "code": "cy.visit(\"http://localhost:5174/\");\n// Sprawdź, czy na stronie znajduje się napis \"Today's Menu\" lub \"Sorry we are closed today\"\ncy.contains(/Today's Menu|Sorry we are closed today/).should(\"exist\");",
              "err": {},
              "uuid": "ff88d271-ae40-45d0-a524-2fe160e0e1ef",
              "parentUUID": "2c075855-9d65-41f7-8e77-5a9e29b40005",
              "isHook": false,
              "skipped": false
            }
          ],
          "suites": [],
          "passes": [
            "a33b2063-1c59-47f2-aac1-19acb163661f",
            "fb0b5401-7607-4267-af0c-df54698b725f",
            "d7ca0219-81d7-4ebf-8d4f-e19637aa92c1",
            "a1ae5f5a-c6a3-41f2-80c6-7499150612c5",
            "99a3bf7c-bff3-4318-97d1-bd09bb56b67d",
            "8a1867ec-a33a-4a34-8cb3-fafc5668e3a1",
            "bb8d704a-a956-4aa9-bbc9-4436d19b1df8",
            "ff88d271-ae40-45d0-a524-2fe160e0e1ef"
          ],
          "failures": [],
          "pending": [],
          "skipped": [],
          "duration": 4396,
          "root": false,
          "rootEmpty": false,
          "_timeout": 2000
        }
      ],
      "passes": [],
      "failures": [],
      "pending": [],
      "skipped": [],
      "duration": 0,
      "root": true,
      "rootEmpty": true,
      "_timeout": 2000
    }
  ],
  "meta": {
    "mocha": {
      "version": "7.0.1"
    },
    "mochawesome": {
      "options": {
        "quiet": false,
        "reportFilename": "mochawesome",
        "saveHtml": false,
        "saveJson": true,
        "consoleReporter": "spec",
        "useInlineDiffs": false,
        "code": true
      },
      "version": "7.1.3"
    },
    "marge": {
      "options": {
        "reportDir": "cypress\\reports\\.jsons",
        "overwrite": false,
        "html": false,
        "json": true
      },
      "version": "6.2.0"
    }
  }
}